<?xml version="1.0" encoding="UTF-8"?>
<testsuite xmlns:xsi="http://www.w3.org/2001/XMLSchema-instance" xsi:noNamespaceSchemaLocation="https://maven.apache.org/surefire/maven-surefire-plugin/xsd/surefire-test-report-3.0.xsd" version="3.0" name="com.school.management.service.ExamScheduleServiceTest" time="1.554" tests="3" errors="0" skipped="0" failures="0">
  <properties>
[...]
</properties>
  <testcase name="testEndTimeBeforeStartTime" classname="com.school.management.service.ExamScheduleServiceTest" time="1.503"/>
  <testcase name="testTheoryAndPracticalSumMismatch" classname="com.school.management.service.ExamScheduleServiceTest" time="0.005"/>
  <testcase name="testPassingMarksGreaterThanMaxMarks" classname="com.school.management.service.ExamScheduleServiceTest" time="0.003"/>
</testsuite>